<?xml version="1.0" encoding="UTF-8"?>
<!-- Generated by org.testng.reporters.JUnitReportReporter -->
<testsuite hostname="DESKTOP-UVU5C3P" failures="0" tests="1" name="com.Bootcamp_Checkout_Part1_Medium.ShoppingCartTest" time="6.484" errors="0" timestamp="2023-12-17T18:55:27 EST" skipped="0">
  <testcase classname="com.Bootcamp_Checkout_Part1_Medium.ShoppingCartTest" name="testAddProductToCartAndVerify" time="6.484"/>
</testsuite> <!-- com.Bootcamp_Checkout_Part1_Medium.ShoppingCartTest -->
