<?xml version="1.0" encoding="UTF-8"?>
<!-- Generated by org.testng.reporters.JUnitReportReporter -->
<testsuite hostname="DESKTOP-UVU5C3P" failures="0" tests="1" name="com.Bootcamp_Checkout_Part1_Medium.ShoppingcartTest01" time="12.017" errors="0" timestamp="2024-01-11T12:47:00 EST" skipped="0">
  <testcase classname="com.Bootcamp_Checkout_Part1_Medium.ShoppingcartTest01" name="testAddProductToCartAndVerify" time="12.017"/>
</testsuite> <!-- com.Bootcamp_Checkout_Part1_Medium.ShoppingcartTest01 -->
