<?xml version="1.0" encoding="UTF-8"?>
<!-- Generated by org.testng.reporters.JUnitReportReporter -->
<testsuite hostname="DESKTOP-UVU5C3P" failures="0" tests="2" name="com.Bootcamp_HomePage_part1_Medium3.TNHomePageTest" time="23.975" errors="0" timestamp="2023-12-18T22:26:45 EST" skipped="0">
  <testcase classname="com.Bootcamp_HomePage_part1_Medium3.TNHomePageTest" name="homepageTest" time="6.441"/>
  <testcase classname="com.Bootcamp_HomePage_part1_Medium3.TNHomePageTest" name="navigateToHomePageAndVerifyElement" time="17.534"/>
</testsuite> <!-- com.Bootcamp_HomePage_part1_Medium3.TNHomePageTest -->
