<?xml version="1.0" encoding="UTF-8"?>
<!-- Generated by org.testng.reporters.JUnitReportReporter -->
<testsuite hostname="DESKTOP-UVU5C3P" failures="0" tests="1" name="com.Bootcamp_Par1Medium_submission.RegistrationPage" time="7.753" errors="0" timestamp="2023-12-17T12:01:56 EST" skipped="0">
  <testcase classname="com.Bootcamp_Par1Medium_submission.RegistrationPage" name="verifyingRegisterWithMandatoryFields" time="7.753"/>
</testsuite> <!-- com.Bootcamp_Par1Medium_submission.RegistrationPage -->
