<?xml version="1.0" encoding="UTF-8"?>
<!-- Generated by org.testng.reporters.JUnitReportReporter -->
<testsuite hostname="DESKTOP-UVU5C3P" failures="0" tests="1" name="com.Bootcamp_HomePage_part1_Medium3.HomePageTN" time="8.313" errors="0" timestamp="2023-12-18T10:17:46 EST" skipped="0">
  <testcase classname="com.Bootcamp_HomePage_part1_Medium3.HomePageTN" name="homepageTest" time="8.313"/>
</testsuite> <!-- com.Bootcamp_HomePage_part1_Medium3.HomePageTN -->
